<?xml version="1.0" encoding="UTF-8"?>
<!-- Generated by org.testng.reporters.JUnitReportReporter -->
<testsuite hostname="russ-mac.local" name="com.home.webapp.test.TestOrder" tests="4" failures="0" timestamp="30 Dec 2014 02:22:21 GMT" time="0.002" errors="0">
  <testcase name="testFindOrder" time="0.001" classname="com.home.webapp.test.TestOrder"/>
  <testcase name="testMakeOrder" time="0.000" classname="com.home.webapp.test.TestOrder"/>
  <testcase name="testMakeEmptyOrder" time="0.001" classname="com.home.webapp.test.TestOrder"/>
  <testcase name="testUpdateOrder" time="0.000" classname="com.home.webapp.test.TestOrder"/>
</testsuite> <!-- com.home.webapp.test.TestOrder -->
